TN:result
SF:/usr/include/c++/5/iostream
DA:74,1
LF:1
LH:1
end_of_record
SF:/home/dmitriy/MyEnv/cprog/CodeLiteWorkspaces/test/MyMap/MyCPPMapTest.cpp
FN:23,main
FN:65,_Z41__static_initialization_and_destruction_0ii
FN:65,_GLOBAL__sub_I_testAmount
FNDA:1,main
FNDA:1,_GLOBAL__sub_I_testAmount
FNDA:1,_Z41__static_initialization_and_destruction_0ii
FNF:3
FNH:3
DA:21,1
DA:23,1
DA:25,1
DA:26,1
DA:27,1
DA:29,1
DA:30,1
DA:31,1
DA:32,1
DA:33,1
DA:34,1
DA:35,1
DA:36,1
DA:37,1
DA:38,1
DA:39,1
DA:40,1
DA:41,1
DA:42,1
DA:46,1
DA:48,2
DA:49,1
DA:52,2
DA:53,1
DA:55,1
DA:56,1
DA:58,0
DA:59,0
DA:60,0
DA:61,0
DA:64,1
DA:65,3
LF:32
LH:28
end_of_record
TN:result
SF:/usr/include/c++/5/bits/allocator.h
FN:113,_ZNSaISt10_List_nodeI4NodeEEC2Ev
FN:121,_ZNSaISt10_List_nodeI4NodeEED2Ev
FNDA:514,_ZNSaISt10_List_nodeI4NodeEEC2Ev
FNDA:257,_ZNSaISt10_List_nodeI4NodeEED2Ev
FNF:2
FNH:2
DA:113,514
DA:121,257
LF:2
LH:2
end_of_record
SF:/usr/include/c++/5/bits/list.tcc
FN:65,_ZNSt7__cxx1110_List_baseI4NodeSaIS1_EE8_M_clearEv
FN:148,_ZNSt7__cxx114listI4NodeSaIS1_EE5eraseESt20_List_const_iteratorIS1_E
FNDA:257,_ZNSt7__cxx1110_List_baseI4NodeSaIS1_EE8_M_clearEv
FNDA:2,_ZNSt7__cxx114listI4NodeSaIS1_EE5eraseESt20_List_const_iteratorIS1_E
FNF:2
FNH:2
DA:65,257
DA:69,257
DA:70,257
DA:72,0
DA:73,0
DA:75,0
DA:79,0
DA:81,257
DA:148,2
DA:155,2
DA:156,2
DA:157,2
LF:12
LH:8
end_of_record
SF:/usr/include/c++/5/bits/move.h
FN:76,_ZSt7forwardIRK4NodeEOT_RNSt16remove_referenceIS3_E4typeE
FNDA:16,_ZSt7forwardIRK4NodeEOT_RNSt16remove_referenceIS3_E4typeE
FNF:1
FNH:1
DA:76,16
DA:77,16
LF:2
LH:2
end_of_record
SF:/usr/include/c++/5/bits/stl_list.h
FN:113,_ZNSt10_List_nodeI4NodeEC2IJRKS0_EEEDpOT_
FN:113,_ZNSt10_List_nodeImEC2IJEEEDpOT_
FN:140,_ZNSt14_List_iteratorI4NodeEC2EPNSt8__detail15_List_node_baseE
FN:149,_ZNKSt14_List_iteratorI4NodeEdeEv
FN:157,_ZNSt14_List_iteratorI4NodeEppEv
FN:191,_ZNKSt14_List_iteratorI4NodeEneERKS1_
FN:224,_ZNSt20_List_const_iteratorI4NodeEC2ERKSt14_List_iteratorIS0_E
FN:228,_ZNKSt20_List_const_iteratorI4NodeE13_M_const_castEv
FN:332,_ZNSt7__cxx1110_List_baseI4NodeSaIS1_EE10_List_implD2Ev
FN:341,_ZNSt7__cxx1110_List_baseI4NodeSaIS1_EE10_List_implC2Ev
FN:361,_ZNSt7__cxx1110_List_baseI4NodeSaIS1_EE11_M_set_sizeEm
FN:363,_ZNSt7__cxx1110_List_baseI4NodeSaIS1_EE11_M_inc_sizeEm
FN:365,_ZNSt7__cxx1110_List_baseI4NodeSaIS1_EE11_M_dec_sizeEm
FN:391,_ZNSt7__cxx1110_List_baseI4NodeSaIS1_EE11_M_get_nodeEv
FN:395,_ZNSt7__cxx1110_List_baseI4NodeSaIS1_EE11_M_put_nodeEPSt10_List_nodeIS1_E
FN:402,_ZNSt7__cxx1110_List_baseI4NodeSaIS1_EE21_M_get_Node_allocatorEv
FN:417,_ZNSt7__cxx1110_List_baseI4NodeSaIS1_EEC2Ev
FN:445,_ZNSt7__cxx1110_List_baseI4NodeSaIS1_EED2Ev
FN:452,_ZNSt7__cxx1110_List_baseI4NodeSaIS1_EE7_M_initEv
FN:507,_ZNSt7__cxx114listI4NodeSaIS1_EED2Ev
FN:569,_ZNSt7__cxx114listI4NodeSaIS1_EE14_M_create_nodeIJRKS1_EEEPSt10_List_nodeIS1_EDpOT_
FN:593,_ZNSt7__cxx114listI4NodeSaIS1_EEC2Ev
FN:831,_ZNSt7__cxx114listI4NodeSaIS1_EE5beginEv
FN:849,_ZNSt7__cxx114listI4NodeSaIS1_EE3endEv
FN:1088,_ZNSt7__cxx114listI4NodeSaIS1_EE9push_backERKS1_
FN:1761,_ZNSt7__cxx114listI4NodeSaIS1_EE9_M_insertIJRKS1_EEEvSt14_List_iteratorIS1_EDpOT_
FN:1771,_ZNSt7__cxx114listI4NodeSaIS1_EE8_M_eraseESt14_List_iteratorIS1_E
FNDA:4,_ZNSt10_List_nodeI4NodeEC2IJRKS0_EEEDpOT_
FNDA:514,_ZNSt10_List_nodeImEC2IJEEEDpOT_
FNDA:555,_ZNSt14_List_iteratorI4NodeEC2EPNSt8__detail15_List_node_baseE
FNDA:23,_ZNKSt14_List_iteratorI4NodeEdeEv
FNDA:7,_ZNSt14_List_iteratorI4NodeEppEv
FNDA:277,_ZNKSt14_List_iteratorI4NodeEneERKS1_
FNDA:2,_ZNSt20_List_const_iteratorI4NodeEC2ERKSt14_List_iteratorIS0_E
FNDA:2,_ZNKSt20_List_const_iteratorI4NodeE13_M_const_castEv
FNDA:257,_ZNSt7__cxx1110_List_baseI4NodeSaIS1_EE10_List_implD2Ev
FNDA:514,_ZNSt7__cxx1110_List_baseI4NodeSaIS1_EE10_List_implC2Ev
FNDA:514,_ZNSt7__cxx1110_List_baseI4NodeSaIS1_EE11_M_set_sizeEm
FNDA:4,_ZNSt7__cxx1110_List_baseI4NodeSaIS1_EE11_M_inc_sizeEm
FNDA:2,_ZNSt7__cxx1110_List_baseI4NodeSaIS1_EE11_M_dec_sizeEm
FNDA:4,_ZNSt7__cxx1110_List_baseI4NodeSaIS1_EE11_M_get_nodeEv
FNDA:2,_ZNSt7__cxx1110_List_baseI4NodeSaIS1_EE11_M_put_nodeEPSt10_List_nodeIS1_E
FNDA:6,_ZNSt7__cxx1110_List_baseI4NodeSaIS1_EE21_M_get_Node_allocatorEv
FNDA:514,_ZNSt7__cxx1110_List_baseI4NodeSaIS1_EEC2Ev
FNDA:257,_ZNSt7__cxx1110_List_baseI4NodeSaIS1_EED2Ev
FNDA:514,_ZNSt7__cxx1110_List_baseI4NodeSaIS1_EE7_M_initEv
FNDA:257,_ZNSt7__cxx114listI4NodeSaIS1_EED2Ev
FNDA:4,_ZNSt7__cxx114listI4NodeSaIS1_EE14_M_create_nodeIJRKS1_EEEPSt10_List_nodeIS1_EDpOT_
FNDA:514,_ZNSt7__cxx114listI4NodeSaIS1_EEC2Ev
FNDA:270,_ZNSt7__cxx114listI4NodeSaIS1_EE5beginEv
FNDA:281,_ZNSt7__cxx114listI4NodeSaIS1_EE3endEv
FNDA:4,_ZNSt7__cxx114listI4NodeSaIS1_EE9push_backERKS1_
FNDA:4,_ZNSt7__cxx114listI4NodeSaIS1_EE9_M_insertIJRKS1_EEEvSt14_List_iteratorIS1_EDpOT_
FNDA:2,_ZNSt7__cxx114listI4NodeSaIS1_EE8_M_eraseESt14_List_iteratorIS1_E
FNF:27
FNH:27
DA:113,518
DA:114,518
DA:115,518
DA:140,555
DA:141,555
DA:149,23
DA:150,23
DA:157,7
DA:159,7
DA:160,7
DA:191,277
DA:192,277
DA:224,2
DA:225,2
DA:228,2
DA:229,2
DA:332,257
DA:341,514
DA:342,514
DA:343,514
DA:361,514
DA:363,4
DA:365,2
DA:391,4
DA:392,4
DA:395,2
DA:396,2
DA:402,6
DA:403,6
DA:417,514
DA:418,514
DA:419,514
DA:445,257
DA:446,257
DA:452,514
DA:454,514
DA:455,514
DA:456,514
DA:457,514
DA:507,257
DA:569,4
DA:571,4
DA:574,4
DA:575,4
DA:577,0
DA:579,0
DA:580,0
DA:582,4
DA:593,514
DA:597,514
DA:831,270
DA:832,270
DA:849,281
DA:850,281
DA:1088,4
DA:1089,4
DA:1761,4
DA:1763,4
DA:1764,4
DA:1765,4
DA:1766,4
DA:1771,2
DA:1773,2
DA:1774,2
DA:1775,2
DA:1777,2
DA:1781,2
DA:1782,2
LF:68
LH:65
end_of_record
SF:/usr/include/c++/5/exception
FN:60,_ZNSt9exceptionC2ERKS_
FN:63,_ZNSt9exceptionC2Ev
FNDA:2,_ZNSt9exceptionC2ERKS_
FNDA:1,_ZNSt9exceptionC2Ev
FNF:2
FNH:2
DA:60,2
DA:63,1
LF:2
LH:2
end_of_record
SF:/usr/include/c++/5/ext/new_allocator.h
FN:79,_ZN9__gnu_cxx13new_allocatorISt10_List_nodeI4NodeEEC2Ev
FN:86,_ZN9__gnu_cxx13new_allocatorISt10_List_nodeI4NodeEED2Ev
FN:99,_ZN9__gnu_cxx13new_allocatorISt10_List_nodeI4NodeEE8allocateEmPKv
FN:109,_ZN9__gnu_cxx13new_allocatorISt10_List_nodeI4NodeEE10deallocateEPS3_m
FN:113,_ZNK9__gnu_cxx13new_allocatorISt10_List_nodeI4NodeEE8max_sizeEv
FN:119,_ZN9__gnu_cxx13new_allocatorISt10_List_nodeI4NodeEE9constructIS3_JRKS2_EEEvPT_DpOT0_
FN:124,_ZN9__gnu_cxx13new_allocatorISt10_List_nodeI4NodeEE7destroyIS3_EEvPT_
FNDA:514,_ZN9__gnu_cxx13new_allocatorISt10_List_nodeI4NodeEEC2Ev
FNDA:257,_ZN9__gnu_cxx13new_allocatorISt10_List_nodeI4NodeEED2Ev
FNDA:4,_ZN9__gnu_cxx13new_allocatorISt10_List_nodeI4NodeEE8allocateEmPKv
FNDA:2,_ZN9__gnu_cxx13new_allocatorISt10_List_nodeI4NodeEE10deallocateEPS3_m
FNDA:4,_ZNK9__gnu_cxx13new_allocatorISt10_List_nodeI4NodeEE8max_sizeEv
FNDA:4,_ZN9__gnu_cxx13new_allocatorISt10_List_nodeI4NodeEE9constructIS3_JRKS2_EEEvPT_DpOT0_
FNDA:2,_ZN9__gnu_cxx13new_allocatorISt10_List_nodeI4NodeEE7destroyIS3_EEvPT_
FNF:7
FNH:7
DA:79,514
DA:86,257
DA:99,4
DA:101,4
DA:102,0
DA:104,4
DA:109,2
DA:110,2
DA:113,4
DA:114,4
DA:119,4
DA:120,4
DA:124,2
LF:13
LH:12
end_of_record
SF:/usr/include/c++/5/iostream
DA:74,1
LF:1
LH:1
end_of_record
SF:/usr/include/c++/5/new
FN:129,_ZnwmPv
FNDA:4,_ZnwmPv
FNF:1
FNH:1
DA:129,4
DA:130,4
LF:2
LH:2
end_of_record
SF:/home/dmitriy/MyEnv/cprog/CodeLiteWorkspaces/test/MyMap/MyCPPMap.cpp
FN:4,_ZN7HashMap3AddEPcS0_
FN:28,_ZN7HashMap6RemoveEPc
FN:43,_ZN7HashMap8GetByKeyEPc
FN:57,_ZN7HashMap5PrintEv
FN:70,_ZN8MyCPPMapC2Ev
FN:87,_ZN8MyCPPMapC2Ey
FN:110,_ZN8MyCPPMapD2Ev
FN:116,_ZN8MyCPPMap12HashFunctionEPc
FN:123,_GLOBAL__sub_I__ZN7HashMap3AddEPcS0_
FN:123,_Z41__static_initialization_and_destruction_0ii
FNDA:5,_ZN7HashMap3AddEPcS0_
FNDA:3,_ZN7HashMap6RemoveEPc
FNDA:5,_ZN7HashMap8GetByKeyEPc
FNDA:1,_ZN7HashMap5PrintEv
FNDA:1,_ZN8MyCPPMapC2Ev
FNDA:2,_ZN8MyCPPMapC2Ey
FNDA:1,_ZN8MyCPPMapD2Ev
FNDA:13,_ZN8MyCPPMap12HashFunctionEPc
FNDA:1,_GLOBAL__sub_I__ZN7HashMap3AddEPcS0_
FNDA:1,_Z41__static_initialization_and_destruction_0ii
FNF:10
FNH:10
DA:4,5
DA:6,5
DA:8,5
DA:9,5
DA:10,5
DA:11,5
DA:13,6
DA:14,2
DA:15,1
DA:16,1
DA:19,4
DA:21,0
DA:22,0
DA:23,0
DA:24,0
DA:28,3
DA:30,3
DA:31,3
DA:32,5
DA:33,3
DA:34,2
DA:35,2
DA:37,1
DA:40,1
DA:43,5
DA:45,5
DA:46,5
DA:47,7
DA:48,5
DA:49,4
DA:51,1
DA:54,1
DA:57,1
DA:59,258
DA:60,257
DA:61,261
DA:62,4
DA:64,257
DA:66,1
DA:70,1
DA:73,1
DA:74,1
DA:75,1
DA:76,1
DA:77,0
DA:78,0
DA:81,0
DA:82,0
DA:83,0
DA:85,1
DA:87,2
DA:90,2
DA:91,2
DA:92,1
DA:94,1
DA:97,2
DA:98,1
DA:99,1
DA:102,1
DA:104,0
DA:105,0
DA:106,0
DA:108,1
DA:110,2
DA:112,1
DA:113,1
DA:114,1
DA:116,13
DA:118,13
DA:119,111
DA:120,98
DA:122,13
DA:123,3
LF:73
LH:61
end_of_record
SF:/home/dmitriy/MyEnv/cprog/CodeLiteWorkspaces/test/MyMap/MyCPPMap.h
FN:21,_ZN16MyCPPMapBadAllocD0Ev
FN:21,_ZN16MyCPPMapBadAllocC2Ev
FN:21,_ZN16MyCPPMapBadAllocC2EOS_
FN:21,_ZN16MyCPPMapBadAllocD2Ev
FN:23,_ZNK16MyCPPMapBadAlloc4whatEv
FN:29,_ZN16MyCPPMapAddErrorD2Ev
FN:29,_ZN16MyCPPMapAddErrorD0Ev
FN:29,_ZN16MyCPPMapAddErrorC2EOS_
FN:29,_ZN16MyCPPMapAddErrorC2Ev
FN:31,_ZNK16MyCPPMapAddError4whatEv
FN:37,_ZN16MyCPPMapBadPrimeC2EOS_
FN:37,_ZN16MyCPPMapBadPrimeD0Ev
FN:37,_ZN16MyCPPMapBadPrimeD2Ev
FN:37,_ZN16MyCPPMapBadPrimeC2Ev
FN:39,_ZNK16MyCPPMapBadPrime4whatEv
FN:52,_ZN8TableRowD2Ev
FN:52,_ZN8TableRowC2Ev
FN:57,_ZN7HashMapC2Ev
FNDA:0,_ZN16MyCPPMapBadAllocD0Ev
FNDA:0,_ZN16MyCPPMapBadAllocD2Ev
FNDA:0,_ZN16MyCPPMapBadAllocC2EOS_
FNDA:0,_ZN16MyCPPMapBadAllocC2Ev
FNDA:0,_ZNK16MyCPPMapBadAlloc4whatEv
FNDA:0,_ZN16MyCPPMapAddErrorD0Ev
FNDA:0,_ZN16MyCPPMapAddErrorD2Ev
FNDA:0,_ZN16MyCPPMapAddErrorC2EOS_
FNDA:0,_ZN16MyCPPMapAddErrorC2Ev
FNDA:0,_ZNK16MyCPPMapAddError4whatEv
FNDA:0,_ZN16MyCPPMapBadPrimeD0Ev
FNDA:2,_ZN16MyCPPMapBadPrimeD2Ev
FNDA:1,_ZN16MyCPPMapBadPrimeC2EOS_
FNDA:1,_ZN16MyCPPMapBadPrimeC2Ev
FNDA:1,_ZNK16MyCPPMapBadPrime4whatEv
FNDA:257,_ZN8TableRowD2Ev
FNDA:514,_ZN8TableRowC2Ev
FNDA:3,_ZN7HashMapC2Ev
FNF:18
FNH:7
DA:21,0
DA:23,0
DA:25,0
DA:29,0
DA:31,0
DA:33,0
DA:37,4
DA:39,1
DA:41,1
DA:52,771
DA:57,3
LF:11
LH:5
end_of_record
